>> Writing PID to tmp/pids/thin.pid
>> Using rack adapter
>> Thin web server (v1.2.11 codename Bat-Shit Crazy)
>> Maximum connections set to 1024
>> Listening on 0.0.0.0:3000, CTRL+C to stop
>> Writing PID to tmp/pids/thin.pid
>> Using rack adapter
>> Thin web server (v1.2.11 codename Bat-Shit Crazy)
>> Maximum connections set to 1024
>> Listening on 0.0.0.0:3000, CTRL+C to stop
>> Writing PID to tmp/pids/thin.pid
>> Using rack adapter
>> Thin web server (v1.2.11 codename Bat-Shit Crazy)
>> Maximum connections set to 1024
>> Listening on 0.0.0.0:3000, CTRL+C to stop
>> Writing PID to tmp/pids/thin.pid
>> Using rack adapter
>> Thin web server (v1.2.11 codename Bat-Shit Crazy)
>> Maximum connections set to 1024
>> Listening on 0.0.0.0:3000, CTRL+C to stop
>> Writing PID to tmp/pids/thin.pid
>> Using rack adapter
>> Thin web server (v1.2.11 codename Bat-Shit Crazy)
>> Maximum connections set to 1024
>> Listening on 0.0.0.0:3000, CTRL+C to stop
>> Writing PID to tmp/pids/thin.pid
>> Using rack adapter
>> Thin web server (v1.2.11 codename Bat-Shit Crazy)
>> Maximum connections set to 1024
>> Listening on 0.0.0.0:3000, CTRL+C to stop
>> Stopping ...
>> Exiting!
>> Writing PID to tmp/pids/thin.pid
>> Using rack adapter
>> Thin web server (v1.2.11 codename Bat-Shit Crazy)
>> Maximum connections set to 1024
>> Listening on 0.0.0.0:3000, CTRL+C to stop
>> Stopping ...
>> Exiting!
>> Writing PID to tmp/pids/thin.pid
>> Using rack adapter
>> Thin web server (v1.2.11 codename Bat-Shit Crazy)
>> Maximum connections set to 1024
>> Listening on 0.0.0.0:3000, CTRL+C to stop
>> Writing PID to tmp/pids/thin.pid
>> Using rack adapter
>> Thin web server (v1.2.11 codename Bat-Shit Crazy)
>> Maximum connections set to 1024
>> Listening on 0.0.0.0:3000, CTRL+C to stop
